<?xml version="1.0" encoding="UTF-8"?>
<testsuite xmlns:xsi="http://www.w3.org/2001/XMLSchema-instance" xsi:noNamespaceSchemaLocation="https://maven.apache.org/surefire/maven-surefire-plugin/xsd/surefire-test-report.xsd" version="3.0.2" name="com.quality.quality_lab.integration.TaskServiceTest" time="0.107" tests="3" errors="0" skipped="0" failures="0">
  <properties>
[...]
</properties>
  <testcase name="testTaskServiceTitleMore250ThrowException" classname="com.quality.quality_lab.integration.TaskServiceTest" time="0.052"/>
  <testcase name="testTaskServiceTitleOk" classname="com.quality.quality_lab.integration.TaskServiceTest" time="0.0"/>
  <testcase name="testTaskServiceTitleEmptyThrowException" classname="com.quality.quality_lab.integration.TaskServiceTest" time="0.0"/>
</testsuite>